<?xml version="1.0" encoding="UTF-8"?>
<!-- Generated by org.testng.reporters.JUnitReportReporter -->
<testsuite hostname="WIN-20230319IQL" failures="0" tests="2" name="com.course.cases.UpdateUserInfoTest" time="0.310" errors="0" timestamp="2025-06-27T13:18:04 CST" skipped="0">
  <testcase classname="com.course.cases.UpdateUserInfoTest" name="updateUserInfo" time="0.168"/>
  <testcase classname="com.course.cases.UpdateUserInfoTest" name="deleteUser" time="0.142"/>
</testsuite> <!-- com.course.cases.UpdateUserInfoTest -->
