<?xml version="1.0" encoding="UTF-8"?>
<!-- Generated by org.testng.reporters.JUnitXMLReporter -->
<testsuite ignored="0" hostname="WIN-20230319IQL" failures="0" tests="7" name="用户管理系统测试用例" time="3.438" errors="0" timestamp="2025-06-27T13:18:03 CST">
  <testcase classname="com.course.cases.LoginTest" name="loginTrue" time="1.948"/>
  <testcase classname="com.course.cases.LoginTest" name="loginFalse" time="0.066"/>
  <testcase classname="com.course.cases.AddUserTest" name="addUser" time="0.288"/>
  <testcase classname="com.course.cases.GetUserInfoTest" name="getUserInfo" time="0.304"/>
  <testcase classname="com.course.cases.GetUserListTest" name="getUserList" time="0.307"/>
  <testcase classname="com.course.cases.UpdateUserInfoTest" name="updateUserInfo" time="0.168"/>
  <testcase classname="com.course.cases.UpdateUserInfoTest" name="deleteUser" time="0.142"/>
</testsuite> <!-- 用户管理系统测试用例 -->
