<?xml version="1.0" encoding="UTF-8"?>
<testsuite xmlns:xsi="http://www.w3.org/2001/XMLSchema-instance" xsi:noNamespaceSchemaLocation="https://maven.apache.org/surefire/maven-surefire-plugin/xsd/surefire-test-report.xsd" version="3.0.2" name="TestSuite" time="5.444" tests="7" errors="0" skipped="0" failures="0">
  <properties>
[...]
</properties>
  <testcase name="loginTrue" classname="com.course.cases.LoginTest" time="1.951">
    <system-out><![CDATA[{id:1,userName:zhangsan,password:123456,expected:true}
http://localhost:8888/v1/login
]]></system-out>
    <system-err><![CDATA[SLF4J(W): No SLF4J providers were found.
SLF4J(W): Defaulting to no-operation (NOP) logger implementation
SLF4J(W): See https://www.slf4j.org/codes.html#noProviders for further details.
]]></system-err>
  </testcase>
  <testcase name="loginFalse" classname="com.course.cases.LoginTest" time="0.073">
    <system-out><![CDATA[{id:2,userName:zhangsaner,password:123,expected:false}
http://localhost:8888/v1/login
]]></system-out>
  </testcase>
  <testcase name="addUser" classname="com.course.cases.AddUserTest" time="0.361">
    <system-out><![CDATA[addUserCase：{id:1,userName:zhao9,password:zhaozhao,sex:0,age:35,permission:1,isDelete:0,expected:true}
http://localhost:8888/v1/addUser
服务器获得的响应为true
user的内容为：
{id:31,userName:zhao9,password:zhaozhao,age:35,sex:0,permission:1,isDelete:0}
]]></system-out>
  </testcase>
  <testcase name="getUserInfo" classname="com.course.cases.GetUserInfoTest" time="0.26">
    <system-out><![CDATA[{id:1,userId:1,expected:getUserInfo,}
http://localhost:8888/v1/getUserInfo
result的值为：
{"id":1,"userName":"zhangsan","password":"123456","age":20,"sex":0,"permission":0,"isDelete":0}
实际获得的响应体为{"password":"123456","isDelete":0,"sex":0,"permission":0,"id":1,"userName":"zhangsan","age":20}
user自己转换的json为{"password":123456,"isDelete":0,"sex":0,"permission":0,"id":1,"userName":"zhangsan","age":20}
]]></system-out>
  </testcase>
  <testcase name="getUserList" classname="com.course.cases.GetUserListTest" time="0.329">
    <system-out><![CDATA[{id:1,userName:null,age:0,sex:0,expected:getUserList}
获取的user：{id:1,userName:zhangsan,password:123456,age:20,sex:0,permission:0,isDelete:0}
获取的user：{id:2,userName:lisi,password:123456,age:25,sex:1,permission:1,isDelete:0}
获取的user：{id:3,userName:wangwu,password:123456,age:30,sex:0,permission:1,isDelete:0}
获取的user：{id:4,userName:zhaoliu,password:123456,age:40,sex:1,permission:1,isDelete:0}
获取的user：{id:5,userName:zhang1,password:123,age:20,sex:0,permission:0,isDelete:0}
获取的user：{id:6,userName:zhao2,password:wqer,age:30,sex:1,permission:1,isDelete:0}
获取的user：{id:7,userName:li3,password:sdffa,age:50,sex:1,permission:0,isDelete:0}
获取的user：{id:8,userName:wu5,password:qazedx,age:40,sex:1,permission:0,isDelete:0}
获取的user：{id:31,userName:zhao9,password:zhaozhao,age:35,sex:0,permission:1,isDelete:0}
]]></system-out>
  </testcase>
  <testcase name="updateUserInfo" classname="com.course.cases.UpdateUserInfoTest" time="0.113">
    <system-out><![CDATA[{id:1,userId:2,userName:hahahaha,sex:0,age:0,permission:0,isDelete:0,expected:getUpdateUserInfo}
result的值为：
1
]]></system-out>
  </testcase>
  <testcase name="deleteUser" classname="com.course.cases.UpdateUserInfoTest" time="0.258">
    <system-out><![CDATA[{id:2,userId:8,userName:null,sex:0,age:0,permission:0,isDelete:1,expected:getUpdateUserInfo}
http://localhost:8888/v1/updateUserInfo
]]></system-out>
  </testcase>
</testsuite>